<?xml version="1.0" encoding="utf-8"?><testsuites name="pytest tests"><testsuite name="pytest" errors="0" failures="0" skipped="0" tests="93" time="19.027" timestamp="2026-08-25T07:19:58.882812+00:00" hostname="agent-env-67baa0b5-bd48-42d4-96e2-ea7430c76aaa"><testcase classname="tests.test_friends.TestRegression" name="test_endpoint_ok[/-None]" time="0.379" /><testcase classname="tests.test_regression.TestCoreEndpoints" name="test_root" time="0.608" /><testcase classname="tests.test_friends.TestRegression" name="test_endpoint_ok[/categories-None]" time="0.283" /><testcase classname="tests.test_regression.TestCoreEndpoints" name="test_categories" time="0.171" /><testcase classname="tests.test_friends.TestRegression" name="test_endpoint_ok[/videos-params2]" time="0.160" /><testcase classname="tests.test_regression.TestCoreEndpoints" name="test_list_videos" time="0.102" /><testcase classname="tests.test_friends.TestRegression" name="test_endpoint_ok[/clips-None]" time="0.105" /><testcase classname="tests.test_regression.TestCoreEndpoints" name="test_videos_learn_mode_filter" time="0.109" /><testcase classname="tests.test_friends.TestRegression" name="test_endpoint_ok[/channels-None]" time="0.112" /><testcase classname="tests.test_regression.TestCoreEndpoints" name="test_videos_sort_and_category" time="0.163" /><testcase classname="tests.test_friends.TestRegression" name="test_endpoint_ok[/channels/codeatlas-None]" time="0.159" /><testcase classname="tests.test_regression.TestCoreEndpoints" name="test_video_detail_recommended_comments" time="0.297" /><testcase classname="tests.test_friends.TestRegression" name="test_endpoint_ok[/channels/codeatlas/videos-None]" time="0.304" /><testcase classname="tests.test_regression.TestCoreEndpoints" name="test_video_404" time="0.132" /><testcase classname="tests.test_friends.TestRegression" name="test_endpoint_ok[/channels/codeatlas/clips-None]" time="0.124" /><testcase classname="tests.test_regression.TestCoreEndpoints" name="test_clips" time="0.103" /><testcase classname="tests.test_friends.TestRegression" name="test_endpoint_ok[/search-params8]" time="0.112" /><testcase classname="tests.test_regression.TestCoreEndpoints" name="test_channels_list_and_detail" time="0.203" /><testcase classname="tests.test_friends.TestRegression" name="test_endpoint_ok[/following/feed-params9]" time="0.206" /><testcase classname="tests.test_regression.TestCoreEndpoints" name="test_search" time="0.184" /><testcase classname="tests.test_friends.TestRegression" name="test_upload_rejects_channel_less_account" time="0.173" /><testcase classname="tests.test_regression.TestCoreEndpoints" name="test_search_requires_q" time="0.098" /><testcase classname="tests.test_identity.TestAccountToChannelSync" name="test_capture_original" time="0.327" /><testcase classname="tests.test_regression.TestCoreEndpoints" name="test_following_feed" time="0.347" /><testcase classname="tests.test_identity.TestAccountToChannelSync" name="test_update_username_propagates" time="0.328" /><testcase classname="tests.test_identity.TestAccountToChannelSync" name="test_update_avatar_propagates" time="0.236" /><testcase classname="tests.test_friends.TestRelationship" name="test_mutual_is_friend" time="0.634" /><testcase classname="tests.test_identity.TestAccountToChannelSync" name="test_duplicate_username_conflicts" time="0.238" /><testcase classname="tests.test_friends.TestRelationship" name="test_follow_back_opportunity" time="0.150" /><testcase classname="tests.test_identity.TestAccountToChannelSync" name="test_unknown_account_404" time="0.104" /><testcase classname="tests.test_friends.TestRelationship" name="test_is_self_on_own_channel" time="0.098" /><testcase classname="tests.test_identity.TestAccountToChannelSync" name="test_empty_patch_returns_account" time="0.098" /><testcase classname="tests.test_friends.TestRelationship" name="test_plain_follow_state" time="0.108" /><testcase classname="tests.test_identity.TestAccountToChannelSync" name="test_channel_update_syncs_account" time="0.223" /><testcase classname="tests.test_friends.TestRelationship" name="test_viewer_following_no_friend" time="0.214" /><testcase classname="tests.test_identity.TestAccountToChannelSync" name="test_channel_update_bio_only" time="0.106" /><testcase classname="tests.test_friends.TestRelationship" name="test_unknown_channel_404" time="0.108" /><testcase classname="tests.test_identity.TestAccountToChannelSync" name="test_channel_update_unknown_handle" time="0.099" /><testcase classname="tests.test_friends.TestRelationship" name="test_unknown_account_404" time="0.096" /><testcase classname="tests.test_identity.TestAccountToChannelSync" name="test_restore_original" time="0.171" /><testcase classname="tests.test_identity.TestChannelCreation" name="test_create_channel_for_viewer" time="0.484" /><testcase classname="tests.test_friends.TestFriendsList" name="test_creator_has_two_friends" time="0.526" /><testcase classname="tests.test_identity.TestChannelCreation" name="test_second_channel_same_account_conflicts" time="0.218" /><testcase classname="tests.test_friends.TestFriendsList" name="test_viewer_has_no_friends" time="0.106" /><testcase classname="tests.test_identity.TestChannelCreation" name="test_existing_handle_conflicts" time="0.106" /><testcase classname="tests.test_friends.TestFriendsList" name="test_kid_has_no_friends" time="0.102" /><testcase classname="tests.test_identity.TestChannelCreation" name="test_invalid_handle_with_space" time="0.098" /><testcase classname="tests.test_friends.TestFriendsList" name="test_friend_symmetry" time="0.106" /><testcase classname="tests.test_identity.TestChannelCreation" name="test_unknown_account" time="0.108" /><testcase classname="tests.test_friends.TestFriendsList" name="test_flavorfield_has_no_friends_yet" time="0.110" /><testcase classname="tests.test_identity.TestChannelCreation" name="test_missing_required_fields_validation" time="0.111" /><testcase classname="tests.test_friends.TestFriendsList" name="test_unknown_account_returns_empty" time="0.099" /><testcase classname="tests.test_identity.TestChannelCreation" name="test_cleanup_viewer_channel" time="0.176" /><testcase classname="tests.test_regression.TestUserActions" name="test_follow_toggle" time="0.465" /><testcase classname="tests.test_iteration3.TestChannelCreateValidation" name="test_name_too_short_400" time="0.557" /><testcase classname="tests.test_regression.TestUserActions" name="test_like_toggle" time="0.480" /><testcase classname="tests.test_iteration3.TestChannelCreateValidation" name="test_handle_too_short_or_invalid_400" time="0.525" /><testcase classname="tests.test_regression.TestUserActions" name="test_history" time="0.468" /><testcase classname="tests.test_iteration3.TestChannelCreateValidation" name="test_duplicate_handle_409" time="0.304" /><testcase classname="tests.test_regression.TestUserActions" name="test_mock_upload" time="0.205" /><testcase classname="tests.test_iteration3.TestChannelCreateValidation" name="test_unknown_account_404" time="0.148" /><testcase classname="tests.test_regression.TestUserActions" name="test_upload_uses_account_channel" time="0.168" /><testcase classname="tests.test_iteration3.TestChannelCreateValidation" name="test_happy_path_and_second_channel_409" time="0.506" /><testcase classname="tests.test_regression.TestUserActions" name="test_upload_test_videos_cleanup" time="0.473" /><testcase classname="tests.test_iteration3.TestAccountValidation" name="test_username_with_spaces_accepted_and_propagates" time="0.592" /><testcase classname="tests.test_friends.TestFriendsFeed" name="test_creator_feed_only_friend_content" time="0.740" /><testcase classname="tests.test_iteration3.TestAccountValidation" name="test_invalid_username_400" time="0.438" /><testcase classname="tests.test_friends.TestFriendsFeed" name="test_feed_learn_mode_filter" time="0.286" /><testcase classname="tests.test_iteration3.TestAccountValidation" name="test_duplicate_username_409" time="0.110" /><testcase classname="tests.test_friends.TestFriendsFeed" name="test_viewer_feed_empty" time="0.093" /><testcase classname="tests.test_iteration3.TestAccountValidation" name="test_unknown_account_404" time="0.090" /><testcase classname="tests.test_friends.TestFriendshipMutations" name="test_follow_back_creates_friendship" time="0.664" /><testcase classname="tests.test_friends.TestProfileIsolation" name="test_kid_has_no_follows" time="0.823" /><testcase classname="tests.test_friends.TestFriendshipMutations" name="test_unfollow_from_other_side_breaks_friendship" time="0.514" /><testcase classname="tests.test_friends.TestProfileIsolation" name="test_like_isolation_between_profiles" time="0.631" /><testcase classname="tests.test_friends.TestFriendshipMutations" name="test_follow_idempotent_no_duplicates" time="0.467" /><testcase classname="tests.test_friends.TestProfileIsolation" name="test_history_isolation" time="0.336" /><testcase classname="tests.test_identity.TestMe" name="test_me_returns_seeded_accounts_with_usernames" time="0.365" /><testcase classname="tests.test_iteration3.TestSeedIntegrity" name="test_ten_channels_and_owner_ids" time="0.320" /><testcase classname="tests.test_identity.TestMe" name="test_default_usernames" time="0.201" /><testcase classname="tests.test_iteration3.TestSeedIntegrity" name="test_creator_username_equals_channel_name" time="0.173" /><testcase classname="tests.test_identity.TestMe" name="test_creator_has_channel_flags" time="0.221" /><testcase classname="tests.test_iteration3.TestSeedIntegrity" name="test_only_codeatlas_owned_by_creator" time="0.153" /><testcase classname="tests.test_iteration3.TestIdentityIsolation" name="test_put_seed_channel_does_not_touch_creator" time="0.377" /><testcase classname="tests.test_iteration3.TestUpload" name="test_upload_no_channel_400" time="0.510" /><testcase classname="tests.test_iteration3.TestIdentityIsolation" name="test_put_codeatlas_syncs_creator" time="1.297" /><testcase classname="tests.test_iteration3.TestUpload" name="test_upload_creator_uses_real_channel" time="1.264" /><testcase classname="tests.test_iteration3.TestIdentityIsolation" name="test_invalid_channel_name_400" time="0.316" /><testcase classname="tests.test_iteration3.TestUpload" name="test_upload_unknown_account_400" time="0.265" /><testcase classname="tests.test_friends.TestSeedAccounts" name="test_me_returns_six_accounts" time="0.721" /><testcase classname="tests.test_friends.TestFollowers" name="test_creator_followers_with_mutual_flags" time="1.010" /><testcase classname="tests.test_friends.TestSeedAccounts" name="test_channel_ownership_matches_accounts" time="0.470" /><testcase classname="tests.test_friends.TestFollowers" name="test_viewer_has_no_followers" time="0.127" /></testsuite></testsuites>