<?xml version="1.0" encoding="utf-8"?><testsuites name="pytest tests"><testsuite name="pytest" errors="0" failures="0" skipped="0" tests="37" time="7.123" timestamp="2026-08-25T07:12:18.029215+00:00" hostname="agent-env-67baa0b5-bd48-42d4-96e2-ea7430c76aaa"><testcase classname="tests.test_friends.TestRelationship" name="test_mutual_is_friend" time="0.306" /><testcase classname="tests.test_friends.TestRegression" name="test_endpoint_ok[/-None]" time="0.524" /><testcase classname="tests.test_friends.TestRelationship" name="test_follow_back_opportunity" time="0.283" /><testcase classname="tests.test_friends.TestRelationship" name="test_is_self_on_own_channel" time="0.058" /><testcase classname="tests.test_friends.TestRegression" name="test_endpoint_ok[/categories-None]" time="0.182" /><testcase classname="tests.test_friends.TestRelationship" name="test_plain_follow_state" time="0.105" /><testcase classname="tests.test_friends.TestRegression" name="test_endpoint_ok[/videos-params2]" time="0.123" /><testcase classname="tests.test_friends.TestRelationship" name="test_viewer_following_no_friend" time="0.124" /><testcase classname="tests.test_friends.TestRegression" name="test_endpoint_ok[/clips-None]" time="0.118" /><testcase classname="tests.test_friends.TestRelationship" name="test_unknown_channel_404" time="0.112" /><testcase classname="tests.test_friends.TestRegression" name="test_endpoint_ok[/channels-None]" time="0.105" /><testcase classname="tests.test_friends.TestRelationship" name="test_unknown_account_404" time="0.109" /><testcase classname="tests.test_friends.TestRegression" name="test_endpoint_ok[/channels/codeatlas-None]" time="0.109" /><testcase classname="tests.test_friends.TestFriendsList" name="test_creator_has_two_friends" time="0.265" /><testcase classname="tests.test_friends.TestRegression" name="test_endpoint_ok[/channels/codeatlas/videos-None]" time="0.271" /><testcase classname="tests.test_friends.TestFriendsList" name="test_viewer_has_no_friends" time="0.122" /><testcase classname="tests.test_friends.TestRegression" name="test_endpoint_ok[/channels/codeatlas/clips-None]" time="0.120" /><testcase classname="tests.test_friends.TestFriendsList" name="test_kid_has_no_friends" time="0.118" /><testcase classname="tests.test_friends.TestRegression" name="test_endpoint_ok[/search-params8]" time="0.133" /><testcase classname="tests.test_friends.TestFriendsList" name="test_friend_symmetry" time="0.152" /><testcase classname="tests.test_friends.TestRegression" name="test_endpoint_ok[/following/feed-params9]" time="0.148" /><testcase classname="tests.test_friends.TestFriendsList" name="test_flavorfield_has_no_friends_yet" time="0.130" /><testcase classname="tests.test_friends.TestRegression" name="test_upload_rejects_channel_less_account" time="0.122" /><testcase classname="tests.test_friends.TestFriendsList" name="test_unknown_account_returns_empty" time="0.111" /><testcase classname="tests.test_friends.TestFriendsFeed" name="test_creator_feed_only_friend_content" time="0.317" /><testcase classname="tests.test_friends.TestFriendshipMutations" name="test_follow_back_creates_friendship" time="0.907" /><testcase classname="tests.test_friends.TestFriendsFeed" name="test_feed_learn_mode_filter" time="0.708" /><testcase classname="tests.test_friends.TestFriendshipMutations" name="test_unfollow_from_other_side_breaks_friendship" time="0.358" /><testcase classname="tests.test_friends.TestFriendsFeed" name="test_viewer_feed_empty" time="0.346" /><testcase classname="tests.test_friends.TestFriendshipMutations" name="test_follow_idempotent_no_duplicates" time="0.192" /><testcase classname="tests.test_friends.TestProfileIsolation" name="test_kid_has_no_follows" time="0.284" /><testcase classname="tests.test_friends.TestSeedAccounts" name="test_me_returns_six_accounts" time="0.328" /><testcase classname="tests.test_friends.TestProfileIsolation" name="test_like_isolation_between_profiles" time="0.533" /><testcase classname="tests.test_friends.TestSeedAccounts" name="test_channel_ownership_matches_accounts" time="0.405" /><testcase classname="tests.test_friends.TestProfileIsolation" name="test_history_isolation" time="0.291" /><testcase classname="tests.test_friends.TestFollowers" name="test_creator_followers_with_mutual_flags" time="0.454" /><testcase classname="tests.test_friends.TestFollowers" name="test_viewer_has_no_followers" time="0.052" /></testsuite></testsuites>