<?xml version="1.0" encoding="utf-8"?><testsuites name="pytest tests"><testsuite name="pytest" errors="0" failures="0" skipped="0" tests="56" time="15.936" timestamp="2026-08-24T21:10:49.128809+00:00" hostname="agent-env-67baa0b5-bd48-42d4-96e2-ea7430c76aaa"><testcase classname="tests.test_regression.TestCoreEndpoints" name="test_root" time="0.254" /><testcase classname="tests.test_identity.TestAccountToChannelSync" name="test_capture_original" time="0.533" /><testcase classname="tests.test_regression.TestCoreEndpoints" name="test_categories" time="0.416" /><testcase classname="tests.test_identity.TestAccountToChannelSync" name="test_update_username_propagates" time="0.554" /><testcase classname="tests.test_regression.TestCoreEndpoints" name="test_list_videos" time="0.494" /><testcase classname="tests.test_identity.TestAccountToChannelSync" name="test_update_avatar_propagates" time="0.405" /><testcase classname="tests.test_regression.TestCoreEndpoints" name="test_videos_learn_mode_filter" time="0.416" /><testcase classname="tests.test_identity.TestAccountToChannelSync" name="test_duplicate_username_conflicts" time="0.259" /><testcase classname="tests.test_regression.TestCoreEndpoints" name="test_videos_sort_and_category" time="0.318" /><testcase classname="tests.test_identity.TestAccountToChannelSync" name="test_unknown_account_404" time="0.231" /><testcase classname="tests.test_regression.TestCoreEndpoints" name="test_video_detail_recommended_comments" time="0.398" /><testcase classname="tests.test_identity.TestAccountToChannelSync" name="test_empty_patch_returns_account" time="0.395" /><testcase classname="tests.test_regression.TestCoreEndpoints" name="test_video_404" time="0.157" /><testcase classname="tests.test_identity.TestAccountToChannelSync" name="test_channel_update_syncs_account" time="0.348" /><testcase classname="tests.test_regression.TestCoreEndpoints" name="test_clips" time="0.363" /><testcase classname="tests.test_identity.TestAccountToChannelSync" name="test_channel_update_bio_only" time="0.180" /><testcase classname="tests.test_regression.TestCoreEndpoints" name="test_channels_list_and_detail" time="0.318" /><testcase classname="tests.test_identity.TestAccountToChannelSync" name="test_channel_update_unknown_handle" time="0.318" /><testcase classname="tests.test_regression.TestCoreEndpoints" name="test_search" time="0.260" /><testcase classname="tests.test_identity.TestAccountToChannelSync" name="test_restore_original" time="0.365" /><testcase classname="tests.test_regression.TestCoreEndpoints" name="test_search_requires_q" time="0.267" /><testcase classname="tests.test_identity.TestChannelCreation" name="test_create_channel_for_viewer" time="0.584" /><testcase classname="tests.test_regression.TestCoreEndpoints" name="test_following_feed" time="0.605" /><testcase classname="tests.test_identity.TestChannelCreation" name="test_second_channel_same_account_conflicts" time="0.182" /><testcase classname="tests.test_regression.TestUserActions" name="test_follow_toggle" time="0.602" /><testcase classname="tests.test_identity.TestChannelCreation" name="test_existing_handle_conflicts" time="0.610" /><testcase classname="tests.test_regression.TestUserActions" name="test_like_toggle" time="0.560" /><testcase classname="tests.test_identity.TestChannelCreation" name="test_invalid_handle_with_space" time="0.545" /><testcase classname="tests.test_regression.TestUserActions" name="test_history" time="0.405" /><testcase classname="tests.test_identity.TestChannelCreation" name="test_unknown_account" time="0.529" /><testcase classname="tests.test_regression.TestUserActions" name="test_mock_upload" time="0.401" /><testcase classname="tests.test_identity.TestChannelCreation" name="test_missing_required_fields_validation" time="0.265" /><testcase classname="tests.test_regression.TestUserActions" name="test_upload_uses_account_channel" time="0.157" /><testcase classname="tests.test_identity.TestChannelCreation" name="test_cleanup_viewer_channel" time="0.257" /><testcase classname="tests.test_regression.TestUserActions" name="test_upload_test_videos_cleanup" time="0.364" /><testcase classname="tests.test_iteration3.TestChannelCreateValidation" name="test_name_too_short_400" time="0.378" /><testcase classname="tests.test_iteration3.TestAccountValidation" name="test_username_with_spaces_accepted_and_propagates" time="1.306" /><testcase classname="tests.test_iteration3.TestChannelCreateValidation" name="test_handle_too_short_or_invalid_400" time="1.447" /><testcase classname="tests.test_iteration3.TestAccountValidation" name="test_invalid_username_400" time="0.791" /><testcase classname="tests.test_iteration3.TestChannelCreateValidation" name="test_duplicate_handle_409" time="0.593" /><testcase classname="tests.test_iteration3.TestAccountValidation" name="test_duplicate_username_409" time="0.234" /><testcase classname="tests.test_iteration3.TestChannelCreateValidation" name="test_unknown_account_404" time="0.170" /><testcase classname="tests.test_iteration3.TestAccountValidation" name="test_unknown_account_404" time="0.176" /><testcase classname="tests.test_iteration3.TestChannelCreateValidation" name="test_happy_path_and_second_channel_409" time="0.629" /><testcase classname="tests.test_identity.TestMe" name="test_me_returns_three_accounts_with_usernames" time="0.759" /><testcase classname="tests.test_iteration3.TestSeedIntegrity" name="test_ten_channels_and_owner_ids" time="0.461" /><testcase classname="tests.test_identity.TestMe" name="test_default_usernames" time="0.320" /><testcase classname="tests.test_iteration3.TestSeedIntegrity" name="test_creator_username_equals_channel_name" time="0.282" /><testcase classname="tests.test_identity.TestMe" name="test_creator_has_channel_flags" time="0.371" /><testcase classname="tests.test_iteration3.TestSeedIntegrity" name="test_only_codeatlas_owned_by_creator" time="0.259" /><testcase classname="tests.test_iteration3.TestIdentityIsolation" name="test_put_seed_channel_does_not_touch_creator" time="0.617" /><testcase classname="tests.test_iteration3.TestUpload" name="test_upload_no_channel_400" time="1.317" /><testcase classname="tests.test_iteration3.TestIdentityIsolation" name="test_put_codeatlas_syncs_creator" time="1.301" /><testcase classname="tests.test_iteration3.TestUpload" name="test_upload_creator_uses_real_channel" time="0.886" /><testcase classname="tests.test_iteration3.TestIdentityIsolation" name="test_invalid_channel_name_400" time="0.621" /><testcase classname="tests.test_iteration3.TestUpload" name="test_upload_unknown_account_400" time="0.346" /></testsuite></testsuites>